# JRE version: OpenJDK Runtime Environment (8.0_202-b03) (build 1.8.0_202-release-1483-b03)
# Java VM: OpenJDK 64-Bit Server VM (25.202-b03 mixed mode windows-amd64 compressed oops)
Heap:
 PSYoungGen      total 451584K, used 404234K [0x00000000e0000000, 0x00000000ffd00000, 0x0000000100000000)
  eden space 396288K, 100% used [0x00000000e0000000,0x00000000f8300000,0x00000000f8300000)
  from space 55296K, 14% used [0x00000000f8300000,0x00000000f8ac2820,0x00000000fb900000)
  to   space 54272K, 26% used [0x00000000fc800000,0x00000000fd5dd3d0,0x00000000ffd00000)
 ParOldGen       total 309760K, used 82536K [0x00000000a0000000, 0x00000000b2e80000, 0x00000000e0000000)
  object space 309760K, 26% used [0x00000000a0000000,0x00000000a509a068,0x00000000b2e80000)
 Metaspace       used 108143K, capacity 113320K, committed 113472K, reserved 1148928K
  class space    used 13685K, capacity 14633K, committed 14720K, reserved 1048576K
GC Heap History (10 events):
Event: 923.121 GC heap after
Heap after GC invocations=23 (full 3):
 PSYoungGen      total 442880K, used 33264K [0x00000000e0000000, 0x0000000100000000, 0x0000000100000000)
  eden space 409600K, 0% used [0x00000000e0000000,0x00000000e0000000,0x00000000f9000000)
  from space 33280K, 99% used [0x00000000fdf80000,0x00000000ffffc350,0x0000000100000000)
  to   space 57344K, 0% used [0x00000000f9000000,0x00000000f9000000,0x00000000fc800000)
 ParOldGen       total 198144K, used 100346K [0x00000000a0000000, 0x00000000ac180000, 0x00000000e0000000)
  object space 198144K, 50% used [0x00000000a0000000,0x00000000a61feb18,0x00000000ac180000)
 Metaspace       used 89815K, capacity 93876K, committed 94040K, reserved 1130496K
  class space    used 11354K, capacity 12109K, committed 12160K, reserved 1048576K
}
Event: 926.342 GC heap before
{Heap before GC invocations=24 (full 3):
 PSYoungGen      total 442880K, used 198701K [0x00000000e0000000, 0x0000000100000000, 0x0000000100000000)
  eden space 409600K, 40% used [0x00000000e0000000,0x00000000ea18f3b0,0x00000000f9000000)
  from space 33280K, 99% used [0x00000000fdf80000,0x00000000ffffc350,0x0000000100000000)
  to   space 57344K, 0% used [0x00000000f9000000,0x00000000f9000000,0x00000000fc800000)
 ParOldGen       total 198144K, used 100346K [0x00000000a0000000, 0x00000000ac180000, 0x00000000e0000000)
  object space 198144K, 50% used [0x00000000a0000000,0x00000000a61feb18,0x00000000ac180000)
 Metaspace       used 94099K, capacity 98438K, committed 98496K, reserved 1134592K
  class space    used 11946K, capacity 12766K, committed 12800K, reserved 1048576K
Event: 926.387 GC heap after
Heap after GC invocations=24 (full 3):
 PSYoungGen      total 404480K, used 8841K [0x00000000e0000000, 0x00000000ff000000, 0x0000000100000000)
  eden space 395264K, 0% used [0x00000000e0000000,0x00000000e0000000,0x00000000f8200000)
  from space 9216K, 95% used [0x00000000f9000000,0x00000000f98a2478,0x00000000f9900000)
  to   space 56320K, 0% used [0x00000000fb900000,0x00000000fb900000,0x00000000ff000000)
 ParOldGen       total 198144K, used 113348K [0x00000000a0000000, 0x00000000ac180000, 0x00000000e0000000)
  object space 198144K, 57% used [0x00000000a0000000,0x00000000a6eb12d8,0x00000000ac180000)
 Metaspace       used 94099K, capacity 98438K, committed 98496K, reserved 1134592K
  class space    used 11946K, capacity 12766K, committed 12800K, reserved 1048576K
}
Event: 926.387 GC heap before
{Heap before GC invocations=25 (full 4):
 PSYoungGen      total 404480K, used 8841K [0x00000000e0000000, 0x00000000ff000000, 0x0000000100000000)
  eden space 395264K, 0% used [0x00000000e0000000,0x00000000e0000000,0x00000000f8200000)
  from space 9216K, 95% used [0x00000000f9000000,0x00000000f98a2478,0x00000000f9900000)
  to   space 56320K, 0% used [0x00000000fb900000,0x00000000fb900000,0x00000000ff000000)
 ParOldGen       total 198144K, used 113348K [0x00000000a0000000, 0x00000000ac180000, 0x00000000e0000000)
  object space 198144K, 57% used [0x00000000a0000000,0x00000000a6eb12d8,0x00000000ac180000)
 Metaspace       used 94099K, capacity 98438K, committed 98496K, reserved 1134592K
  class space    used 11946K, capacity 12766K, committed 12800K, reserved 1048576K
Event: 926.646 GC heap after
Heap after GC invocations=25 (full 4):
 PSYoungGen      total 404480K, used 0K [0x00000000e0000000, 0x00000000ff000000, 0x0000000100000000)
  eden space 395264K, 0% used [0x00000000e0000000,0x00000000e0000000,0x00000000f8200000)
  from space 9216K, 0% used [0x00000000f9000000,0x00000000f9000000,0x00000000f9900000)
  to   space 56320K, 0% used [0x00000000fb900000,0x00000000fb900000,0x00000000ff000000)
 ParOldGen       total 309760K, used 82512K [0x00000000a0000000, 0x00000000b2e80000, 0x00000000e0000000)
  object space 309760K, 26% used [0x00000000a0000000,0x00000000a5094068,0x00000000b2e80000)
 Metaspace       used 93962K, capacity 98102K, committed 98496K, reserved 1134592K
  class space    used 11904K, capacity 12700K, committed 12800K, reserved 1048576K
}
Event: 929.905 GC heap before
{Heap before GC invocations=26 (full 4):
 PSYoungGen      total 404480K, used 395264K [0x00000000e0000000, 0x00000000ff000000, 0x0000000100000000)
  eden space 395264K, 100% used [0x00000000e0000000,0x00000000f8200000,0x00000000f8200000)
  from space 9216K, 0% used [0x00000000f9000000,0x00000000f9000000,0x00000000f9900000)
  to   space 56320K, 0% used [0x00000000fb900000,0x00000000fb900000,0x00000000ff000000)
 ParOldGen       total 309760K, used 82512K [0x00000000a0000000, 0x00000000b2e80000, 0x00000000e0000000)
  object space 309760K, 26% used [0x00000000a0000000,0x00000000a5094068,0x00000000b2e80000)
 Metaspace       used 99781K, capacity 104716K, committed 105024K, reserved 1140736K
  class space    used 12681K, capacity 13599K, committed 13696K, reserved 1048576K
Event: 929.918 GC heap after
Heap after GC invocations=26 (full 4):
 PSYoungGen      total 452608K, used 9070K [0x00000000e0000000, 0x0000000100000000, 0x0000000100000000)
  eden space 396288K, 0% used [0x00000000e0000000,0x00000000e0000000,0x00000000f8300000)
  from space 56320K, 16% used [0x00000000fb900000,0x00000000fc1db898,0x00000000ff000000)
  to   space 55296K, 0% used [0x00000000f8300000,0x00000000f8300000,0x00000000fb900000)
 ParOldGen       total 309760K, used 82520K [0x00000000a0000000, 0x00000000b2e80000, 0x00000000e0000000)
  object space 309760K, 26% used [0x00000000a0000000,0x00000000a5096068,0x00000000b2e80000)
 Metaspace       used 99781K, capacity 104716K, committed 105024K, reserved 1140736K
  class space    used 12681K, capacity 13599K, committed 13696K, reserved 1048576K
}
Event: 942.072 GC heap before
{Heap before GC invocations=27 (full 4):
 PSYoungGen      total 452608K, used 405358K [0x00000000e0000000, 0x0000000100000000, 0x0000000100000000)
  eden space 396288K, 100% used [0x00000000e0000000,0x00000000f8300000,0x00000000f8300000)
  from space 56320K, 16% used [0x00000000fb900000,0x00000000fc1db898,0x00000000ff000000)
  to   space 55296K, 0% used [0x00000000f8300000,0x00000000f8300000,0x00000000fb900000)
 ParOldGen       total 309760K, used 82520K [0x00000000a0000000, 0x00000000b2e80000, 0x00000000e0000000)
  object space 309760K, 26% used [0x00000000a0000000,0x00000000a5096068,0x00000000b2e80000)
 Metaspace       used 103616K, capacity 108650K, committed 108864K, reserved 1144832K
  class space    used 13239K, capacity 14154K, committed 14208K, reserved 1048576K
Event: 942.084 GC heap after
Heap after GC invocations=27 (full 4):
 PSYoungGen      total 451584K, used 7946K [0x00000000e0000000, 0x00000000ffd00000, 0x0000000100000000)
  eden space 396288K, 0% used [0x00000000e0000000,0x00000000e0000000,0x00000000f8300000)
  from space 55296K, 14% used [0x00000000f8300000,0x00000000f8ac2820,0x00000000fb900000)
  to   space 54272K, 0% used [0x00000000fc800000,0x00000000fc800000,0x00000000ffd00000)
 ParOldGen       total 309760K, used 82528K [0x00000000a0000000, 0x00000000b2e80000, 0x00000000e0000000)
  object space 309760K, 26% used [0x00000000a0000000,0x00000000a5098068,0x00000000b2e80000)
 Metaspace       used 103616K, capacity 108650K, committed 108864K, reserved 1144832K
  class space    used 13239K, capacity 14154K, committed 14208K, reserved 1048576K
}
Event: 945.877 GC heap before
{Heap before GC invocations=28 (full 4):
 PSYoungGen      total 451584K, used 404234K [0x00000000e0000000, 0x00000000ffd00000, 0x0000000100000000)
  eden space 396288K, 100% used [0x00000000e0000000,0x00000000f8300000,0x00000000f8300000)
  from space 55296K, 14% used [0x00000000f8300000,0x00000000f8ac2820,0x00000000fb900000)
  to   space 54272K, 0% used [0x00000000fc800000,0x00000000fc800000,0x00000000ffd00000)
 ParOldGen       total 309760K, used 82528K [0x00000000a0000000, 0x00000000b2e80000, 0x00000000e0000000)
  object space 309760K, 26% used [0x00000000a0000000,0x00000000a5098068,0x00000000b2e80000)
 Metaspace       used 108143K, capacity 113320K, committed 113472K, reserved 1148928K
  class space    used 13685K, capacity 14633K, committed 14720K, reserved 1048576K

